<?xml version="1.0" encoding="UTF-8"?>
<robot generator="Robot 4.0 (Python 3.9.4 on win32)" generated="20210510 13:17:40.307" rpa="false" schemaversion="2">
<suite id="s1" name="TSE1" source="C:\Users\tp\OneDrive\Bureau\JenkinsWorkspace\RobotFramework\TSE1.robot">
<test id="s1-t1" name="Connexion: L'utilistateur est connecte et arrive sur le fil du projet">
<kw name="Open Browser" library="SeleniumLibrary">
<arg>https://www.scoplan.com/fr/login</arg>
<arg>${BROWSER}</arg>
<doc>Opens a new browser instance to the optional ``url``.</doc>
<msg timestamp="20210510 13:17:40.469" level="INFO">Opening browser 'chrome' to base url 'https://www.scoplan.com/fr/login'.</msg>
<status status="PASS" starttime="20210510 13:17:40.469" endtime="20210510 13:17:42.228"/>
</kw>
<kw name="Maximize Browser Window" library="SeleniumLibrary">
<doc>Maximizes current browser window.</doc>
<status status="PASS" starttime="20210510 13:17:42.229" endtime="20210510 13:17:42.351"/>
</kw>
<kw name="Wait Until Page Contains Element" library="SeleniumLibrary">
<arg>//input[@id="middlewarebundle_login_email"]</arg>
<doc>Waits until the element ``locator`` appears on the current page.</doc>
<status status="PASS" starttime="20210510 13:17:42.352" endtime="20210510 13:17:42.365"/>
</kw>
<kw name="Input Text" library="SeleniumLibrary">
<arg>//input[@id="middlewarebundle_login_email"]</arg>
<arg>${mail}</arg>
<doc>Types the given ``text`` into the text field identified by ``locator``.</doc>
<msg timestamp="20210510 13:17:42.366" level="INFO">Typing text 'yb@scoplan.com' into text field '//input[@id="middlewarebundle_login_email"]'.</msg>
<status status="PASS" starttime="20210510 13:17:42.366" endtime="20210510 13:17:42.444"/>
</kw>
<kw name="Wait Until Page Contains Element" library="SeleniumLibrary">
<arg>//div[@class="form-container"]</arg>
<doc>Waits until the element ``locator`` appears on the current page.</doc>
<status status="PASS" starttime="20210510 13:17:42.444" endtime="20210510 13:17:42.455"/>
</kw>
<kw name="Click Element" library="SeleniumLibrary">
<arg>//div[@class="form-container"]</arg>
<doc>Click the element identified by ``locator``.</doc>
<msg timestamp="20210510 13:17:42.456" level="INFO">Clicking element '//div[@class="form-container"]'.</msg>
<status status="PASS" starttime="20210510 13:17:42.456" endtime="20210510 13:17:42.491"/>
</kw>
<kw name="Wait Until Page Contains Element" library="SeleniumLibrary">
<arg>//input[@id="middlewarebundle_login_password"]</arg>
<doc>Waits until the element ``locator`` appears on the current page.</doc>
<status status="PASS" starttime="20210510 13:17:42.492" endtime="20210510 13:17:42.500"/>
</kw>
<kw name="Input Text" library="SeleniumLibrary">
<arg>//input[@id="middlewarebundle_login_password"]</arg>
<arg>${password}</arg>
<doc>Types the given ``text`` into the text field identified by ``locator``.</doc>
<msg timestamp="20210510 13:17:42.501" level="INFO">Typing text 'bcf92299329' into text field '//input[@id="middlewarebundle_login_password"]'.</msg>
<status status="PASS" starttime="20210510 13:17:42.501" endtime="20210510 13:17:42.551"/>
</kw>
<kw name="Wait Until Page Contains Element" library="SeleniumLibrary">
<arg>//button[@class="btn btn-submit"]</arg>
<doc>Waits until the element ``locator`` appears on the current page.</doc>
<status status="PASS" starttime="20210510 13:17:42.552" endtime="20210510 13:17:42.561"/>
</kw>
<kw name="Click Element" library="SeleniumLibrary">
<arg>//button[@class="btn btn-submit"]</arg>
<doc>Click the element identified by ``locator``.</doc>
<msg timestamp="20210510 13:17:42.562" level="INFO">Clicking element '//button[@class="btn btn-submit"]'.</msg>
<status status="PASS" starttime="20210510 13:17:42.561" endtime="20210510 13:17:44.962"/>
</kw>
<status status="PASS" starttime="20210510 13:17:40.468" endtime="20210510 13:17:44.962"/>
</test>
<test id="s1-t2" name="Filtrer par statut SAV et projets archives: Les projet sont tries sur avec le filtre &quot;tous&quot;">
<kw name="Sleep" library="BuiltIn">
<arg>10s</arg>
<doc>Pauses the test executed for the given time.</doc>
<msg timestamp="20210510 13:17:54.970" level="INFO">Slept 10 seconds</msg>
<status status="PASS" starttime="20210510 13:17:44.964" endtime="20210510 13:17:54.970"/>
</kw>
<kw name="Wait Until Page Contains Element" library="SeleniumLibrary">
<arg>//select[@id="projectByStatus"]</arg>
<doc>Waits until the element ``locator`` appears on the current page.</doc>
<status status="PASS" starttime="20210510 13:17:54.971" endtime="20210510 13:17:55.001"/>
</kw>
<kw name="Select From List By Value" library="SeleniumLibrary">
<arg>//select[@id="projectByStatus"]</arg>
<arg>all</arg>
<doc>Selects options from selection list ``locator`` by ``values``.</doc>
<msg timestamp="20210510 13:17:55.003" level="INFO">Selecting options from selection list '//select[@id="projectByStatus"]' by value all.</msg>
<status status="PASS" starttime="20210510 13:17:55.002" endtime="20210510 13:17:55.087"/>
</kw>
<status status="PASS" starttime="20210510 13:17:44.963" endtime="20210510 13:17:55.088"/>
</test>
<test id="s1-t3" name="Choisir le compte Uzumaki Boruto">
<kw name="Sleep" library="BuiltIn">
<arg>10s</arg>
<doc>Pauses the test executed for the given time.</doc>
<msg timestamp="20210510 13:18:05.101" level="INFO">Slept 10 seconds</msg>
<status status="PASS" starttime="20210510 13:17:55.090" endtime="20210510 13:18:05.101"/>
</kw>
<kw name="Wait Until Page Contains Element" library="SeleniumLibrary">
<arg>xpath=(//a[@href="https://www.scoplan.com/fr/project/detail/24011"])[6]</arg>
<doc>Waits until the element ``locator`` appears on the current page.</doc>
<status status="PASS" starttime="20210510 13:18:05.102" endtime="20210510 13:18:05.130"/>
</kw>
<kw name="Click Link" library="SeleniumLibrary">
<arg>xpath=(//a[@href="https://www.scoplan.com/fr/project/detail/24011"])[6]</arg>
<doc>Clicks a link identified by ``locator``.</doc>
<msg timestamp="20210510 13:18:05.130" level="INFO">Clicking link 'xpath=(//a[@href="https://www.scoplan.com/fr/project/detail/24011"])[6]'.</msg>
<status status="PASS" starttime="20210510 13:18:05.130" endtime="20210510 13:18:08.038"/>
</kw>
<status status="PASS" starttime="20210510 13:17:55.089" endtime="20210510 13:18:08.039"/>
</test>
<test id="s1-t4" name="Cliquer sur ajouter un document: Un pop s'affiche">
<kw name="Sleep" library="BuiltIn">
<arg>10s</arg>
<doc>Pauses the test executed for the given time.</doc>
<msg timestamp="20210510 13:18:18.054" level="INFO">Slept 10 seconds</msg>
<status status="PASS" starttime="20210510 13:18:08.041" endtime="20210510 13:18:18.054"/>
</kw>
<kw name="Wait Until Page Contains Element" library="SeleniumLibrary">
<arg>//*[@id="icone-action"]/a[4]</arg>
<doc>Waits until the element ``locator`` appears on the current page.</doc>
<status status="PASS" starttime="20210510 13:18:18.055" endtime="20210510 13:18:18.068"/>
</kw>
<kw name="Click Element" library="SeleniumLibrary">
<arg>//*[@id="icone-action"]/a[4]</arg>
<doc>Click the element identified by ``locator``.</doc>
<msg timestamp="20210510 13:18:18.069" level="INFO">Clicking element '//*[@id="icone-action"]/a[4]'.</msg>
<status status="PASS" starttime="20210510 13:18:18.068" endtime="20210510 13:18:18.137"/>
</kw>
<status status="PASS" starttime="20210510 13:18:08.040" endtime="20210510 13:18:18.137"/>
</test>
<test id="s1-t5" name="Choisir le fichier">
<kw name="Sleep" library="BuiltIn">
<arg>10s</arg>
<doc>Pauses the test executed for the given time.</doc>
<msg timestamp="20210510 13:18:28.142" level="INFO">Slept 10 seconds</msg>
<status status="PASS" starttime="20210510 13:18:18.140" endtime="20210510 13:18:28.142"/>
</kw>
<kw name="Wait Until Page Contains Element" library="SeleniumLibrary">
<arg>xpath=(//input[@class="dz-hidden-input"])[5]</arg>
<doc>Waits until the element ``locator`` appears on the current page.</doc>
<status status="PASS" starttime="20210510 13:18:28.144" endtime="20210510 13:18:28.164"/>
</kw>
<kw name="Choose File" library="SeleniumLibrary">
<arg>xpath=(//input[@class="dz-hidden-input"])[5]</arg>
<arg>C:\\Users\\tp\\OneDrive\\Bureau\\JenkinsWorkspace\\RobotFramework${/}data${/}FACTURE 1.pdf</arg>
<doc>Inputs the ``file_path`` into the file input field ``locator``.</doc>
<msg timestamp="20210510 13:18:28.165" level="INFO">Sending C:\Users\tp\OneDrive\Bureau\JenkinsWorkspace\RobotFramework\data\FACTURE 1.pdf to browser.</msg>
<status status="PASS" starttime="20210510 13:18:28.165" endtime="20210510 13:18:28.215"/>
</kw>
<status status="PASS" starttime="20210510 13:18:18.139" endtime="20210510 13:18:28.215"/>
</test>
<test id="s1-t6" name="Cliquer sur &quot;signature electronique par le client&quot;">
<kw name="Sleep" library="BuiltIn">
<arg>10s</arg>
<doc>Pauses the test executed for the given time.</doc>
<msg timestamp="20210510 13:18:38.229" level="INFO">Slept 10 seconds</msg>
<status status="PASS" starttime="20210510 13:18:28.218" endtime="20210510 13:18:38.229"/>
</kw>
<kw name="Wait Until Page Contains Element" library="SeleniumLibrary">
<arg>//*[@id="addDocModalActionWrap"]/div[1]/div[2]/div[1]/div[1]/label/span</arg>
<doc>Waits until the element ``locator`` appears on the current page.</doc>
<status status="PASS" starttime="20210510 13:18:38.231" endtime="20210510 13:18:38.266"/>
</kw>
<kw name="Click Element" library="SeleniumLibrary">
<arg>//*[@id="addDocModalActionWrap"]/div[1]/div[2]/div[1]/div[1]/label/span</arg>
<doc>Click the element identified by ``locator``.</doc>
<msg timestamp="20210510 13:18:38.267" level="INFO">Clicking element '//*[@id="addDocModalActionWrap"]/div[1]/div[2]/div[1]/div[1]/label/span'.</msg>
<status status="PASS" starttime="20210510 13:18:38.267" endtime="20210510 13:18:38.361"/>
</kw>
<status status="PASS" starttime="20210510 13:18:28.217" endtime="20210510 13:18:38.362"/>
</test>
<test id="s1-t7" name="Cliquer sur &quot;est-ce le CMI&quot;">
<kw name="Sleep" library="BuiltIn">
<arg>10s</arg>
<doc>Pauses the test executed for the given time.</doc>
<msg timestamp="20210510 13:18:48.376" level="INFO">Slept 10 seconds</msg>
<status status="PASS" starttime="20210510 13:18:38.364" endtime="20210510 13:18:48.377"/>
</kw>
<kw name="Wait Until Page Contains Element" library="SeleniumLibrary">
<arg>//*[@id="ccmiOptionsRow"]/div[1]/div[1]/label/span</arg>
<doc>Waits until the element ``locator`` appears on the current page.</doc>
<status status="PASS" starttime="20210510 13:18:48.378" endtime="20210510 13:18:48.399"/>
</kw>
<kw name="Click Element" library="SeleniumLibrary">
<arg>//*[@id="ccmiOptionsRow"]/div[1]/div[1]/label/span</arg>
<doc>Click the element identified by ``locator``.</doc>
<msg timestamp="20210510 13:18:48.400" level="INFO">Clicking element '//*[@id="ccmiOptionsRow"]/div[1]/div[1]/label/span'.</msg>
<status status="PASS" starttime="20210510 13:18:48.400" endtime="20210510 13:18:48.470"/>
</kw>
<status status="PASS" starttime="20210510 13:18:38.363" endtime="20210510 13:18:48.471"/>
</test>
<test id="s1-t8" name="Choisir dossier &quot;Contrat &amp; avenants&quot;: Un menu avec la possibilite d'ecrire un message apparait">
<kw name="Sleep" library="BuiltIn">
<arg>10s</arg>
<doc>Pauses the test executed for the given time.</doc>
<msg timestamp="20210510 13:18:58.486" level="INFO">Slept 10 seconds</msg>
<status status="PASS" starttime="20210510 13:18:48.474" endtime="20210510 13:18:58.486"/>
</kw>
<kw name="Wait Until Page Contains Element" library="SeleniumLibrary">
<arg>//i[@class="icon-more-less fa fa-angle-down"]</arg>
<doc>Waits until the element ``locator`` appears on the current page.</doc>
<status status="PASS" starttime="20210510 13:18:58.488" endtime="20210510 13:18:58.508"/>
</kw>
<kw name="Click Element" library="SeleniumLibrary">
<arg>//i[@class="icon-more-less fa fa-angle-down"]</arg>
<doc>Click the element identified by ``locator``.</doc>
<msg timestamp="20210510 13:18:58.509" level="INFO">Clicking element '//i[@class="icon-more-less fa fa-angle-down"]'.</msg>
<status status="PASS" starttime="20210510 13:18:58.509" endtime="20210510 13:18:58.576"/>
</kw>
<kw name="Sleep" library="BuiltIn">
<arg>2s</arg>
<doc>Pauses the test executed for the given time.</doc>
<msg timestamp="20210510 13:19:00.582" level="INFO">Slept 2 seconds</msg>
<status status="PASS" starttime="20210510 13:18:58.576" endtime="20210510 13:19:00.582"/>
</kw>
<kw name="Wait Until Page Contains Element" library="SeleniumLibrary">
<arg>//input[@id="project_file_folder_402"]</arg>
<doc>Waits until the element ``locator`` appears on the current page.</doc>
<status status="PASS" starttime="20210510 13:19:00.583" endtime="20210510 13:19:00.603"/>
</kw>
<kw name="Click Element" library="SeleniumLibrary">
<arg>//input[@id="project_file_folder_402"]</arg>
<doc>Click the element identified by ``locator``.</doc>
<msg timestamp="20210510 13:19:00.604" level="INFO">Clicking element '//input[@id="project_file_folder_402"]'.</msg>
<status status="PASS" starttime="20210510 13:19:00.604" endtime="20210510 13:19:00.698"/>
</kw>
<status status="PASS" starttime="20210510 13:18:48.473" endtime="20210510 13:19:00.699"/>
</test>
<test id="s1-t9" name="Upload le doc">
<kw name="Sleep" library="BuiltIn">
<arg>10s</arg>
<doc>Pauses the test executed for the given time.</doc>
<msg timestamp="20210510 13:19:10.703" level="INFO">Slept 10 seconds</msg>
<status status="PASS" starttime="20210510 13:19:00.702" endtime="20210510 13:19:10.703"/>
</kw>
<kw name="Wait Until Page Contains Element" library="SeleniumLibrary">
<arg>//button[@id="projectStepDocSubmit"]</arg>
<doc>Waits until the element ``locator`` appears on the current page.</doc>
<status status="PASS" starttime="20210510 13:19:10.705" endtime="20210510 13:19:10.724"/>
</kw>
<kw name="Click Element" library="SeleniumLibrary">
<arg>//button[@id="projectStepDocSubmit"]</arg>
<doc>Click the element identified by ``locator``.</doc>
<msg timestamp="20210510 13:19:10.725" level="INFO">Clicking element '//button[@id="projectStepDocSubmit"]'.</msg>
<status status="PASS" starttime="20210510 13:19:10.725" endtime="20210510 13:19:10.792"/>
</kw>
<status status="PASS" starttime="20210510 13:19:00.701" endtime="20210510 13:19:10.793"/>
</test>
<test id="s1-t10" name="Valider et envoyer le doc">
<kw name="Sleep" library="BuiltIn">
<arg>10s</arg>
<doc>Pauses the test executed for the given time.</doc>
<msg timestamp="20210510 13:19:20.799" level="INFO">Slept 10 seconds</msg>
<status status="PASS" starttime="20210510 13:19:10.798" endtime="20210510 13:19:20.799"/>
</kw>
<kw name="Wait Until Page Contains Element" library="SeleniumLibrary">
<arg>//*[@id="elecSignaturePosition"]/div/div/div[2]/div[3]/button[2]</arg>
<doc>Waits until the element ``locator`` appears on the current page.</doc>
<status status="PASS" starttime="20210510 13:19:20.801" endtime="20210510 13:19:20.827"/>
</kw>
<kw name="Click Element" library="SeleniumLibrary">
<arg>//*[@id="elecSignaturePosition"]/div/div/div[2]/div[3]/button[2]</arg>
<doc>Click the element identified by ``locator``.</doc>
<msg timestamp="20210510 13:19:20.828" level="INFO">Clicking element '//*[@id="elecSignaturePosition"]/div/div/div[2]/div[3]/button[2]'.</msg>
<status status="PASS" starttime="20210510 13:19:20.828" endtime="20210510 13:19:20.886"/>
</kw>
<status status="PASS" starttime="20210510 13:19:10.794" endtime="20210510 13:19:20.887"/>
</test>
<test id="s1-t11" name="Verification de la reception du doc dans le compte CMI (FDP): FDP">
<kw name="Sleep" library="BuiltIn">
<arg>10s</arg>
<doc>Pauses the test executed for the given time.</doc>
<msg timestamp="20210510 13:19:30.906" level="INFO">Slept 10 seconds</msg>
<status status="PASS" starttime="20210510 13:19:20.892" endtime="20210510 13:19:30.907"/>
</kw>
<kw name="Wait Until Page Contains Element" library="SeleniumLibrary">
<arg>//*[@id="1 - Bienvenue"]/a/img</arg>
<doc>Waits until the element ``locator`` appears on the current page.</doc>
<status status="PASS" starttime="20210510 13:19:30.908" endtime="20210510 13:19:30.962"/>
</kw>
<kw name="Page Should Contain" library="SeleniumLibrary">
<arg>FACTURE 1.pdf</arg>
<doc>Verifies that current page contains ``text``.</doc>
<msg timestamp="20210510 13:19:30.985" level="INFO">Current page contains text 'FACTURE 1.pdf'.</msg>
<status status="PASS" starttime="20210510 13:19:30.963" endtime="20210510 13:19:30.985"/>
</kw>
<status status="PASS" starttime="20210510 13:19:20.889" endtime="20210510 13:19:30.986"/>
</test>
<test id="s1-t12" name="Verification de la reception du doc dans le compte CMI (FDP): Partie &quot;Docs&quot;">
<kw name="Sleep" library="BuiltIn">
<arg>10s</arg>
<doc>Pauses the test executed for the given time.</doc>
<msg timestamp="20210510 13:19:40.989" level="INFO">Slept 10 seconds</msg>
<status status="PASS" starttime="20210510 13:19:30.988" endtime="20210510 13:19:40.989"/>
</kw>
<kw name="Click Element" library="SeleniumLibrary">
<arg>//*[@id="fdp-filter-menu"]/ul/li[3]/a</arg>
<doc>Click the element identified by ``locator``.</doc>
<msg timestamp="20210510 13:19:40.992" level="INFO">Clicking element '//*[@id="fdp-filter-menu"]/ul/li[3]/a'.</msg>
<status status="PASS" starttime="20210510 13:19:40.991" endtime="20210510 13:19:41.085"/>
</kw>
<kw name="Sleep" library="BuiltIn">
<arg>10s</arg>
<doc>Pauses the test executed for the given time.</doc>
<msg timestamp="20210510 13:19:51.092" level="INFO">Slept 10 seconds</msg>
<status status="PASS" starttime="20210510 13:19:41.085" endtime="20210510 13:19:51.092"/>
</kw>
<kw name="Page Should Contain" library="SeleniumLibrary">
<arg>FACTURE 1.pdf</arg>
<doc>Verifies that current page contains ``text``.</doc>
<msg timestamp="20210510 13:19:51.128" level="INFO">Current page contains text 'FACTURE 1.pdf'.</msg>
<status status="PASS" starttime="20210510 13:19:51.093" endtime="20210510 13:19:51.128"/>
</kw>
<status status="PASS" starttime="20210510 13:19:30.987" endtime="20210510 13:19:51.129"/>
</test>
<test id="s1-t13" name="Fermer le navigateur du compte Scoplan">
<kw name="Sleep" library="BuiltIn">
<arg>10s</arg>
<doc>Pauses the test executed for the given time.</doc>
<msg timestamp="20210510 13:20:01.131" level="INFO">Slept 10 seconds</msg>
<status status="PASS" starttime="20210510 13:19:51.131" endtime="20210510 13:20:01.131"/>
</kw>
<kw name="Close Browser" library="SeleniumLibrary">
<doc>Closes the current browser.</doc>
<status status="PASS" starttime="20210510 13:20:01.133" endtime="20210510 13:20:03.321"/>
</kw>
<status status="PASS" starttime="20210510 13:19:51.130" endtime="20210510 13:20:03.322"/>
</test>
<test id="s1-t14" name="Verification de la reception du doc dans le compte particulier: &quot;Accueil&quot;">
<kw name="Sleep" library="BuiltIn">
<arg>10s</arg>
<doc>Pauses the test executed for the given time.</doc>
<msg timestamp="20210510 13:20:13.339" level="INFO">Slept 10 seconds</msg>
<status status="PASS" starttime="20210510 13:20:03.329" endtime="20210510 13:20:13.339"/>
</kw>
<kw name="Open Browser" library="SeleniumLibrary">
<arg>https://www.myprojectcompanion.com/fr/YayaB1749/login</arg>
<arg>${BROWSER}</arg>
<doc>Opens a new browser instance to the optional ``url``.</doc>
<msg timestamp="20210510 13:20:13.342" level="INFO">Opening browser 'chrome' to base url 'https://www.myprojectcompanion.com/fr/YayaB1749/login'.</msg>
<status status="PASS" starttime="20210510 13:20:13.341" endtime="20210510 13:20:15.289"/>
</kw>
<kw name="Maximize Browser Window" library="SeleniumLibrary">
<doc>Maximizes current browser window.</doc>
<status status="PASS" starttime="20210510 13:20:15.289" endtime="20210510 13:20:15.402"/>
</kw>
<kw name="Input Text" library="SeleniumLibrary">
<arg>//input[@name="middlewarebundle_login[username]"]</arg>
<arg>borutouzumaki@yopmail.com</arg>
<doc>Types the given ``text`` into the text field identified by ``locator``.</doc>
<msg timestamp="20210510 13:20:15.403" level="INFO">Typing text 'borutouzumaki@yopmail.com' into text field '//input[@name="middlewarebundle_login[username]"]'.</msg>
<status status="PASS" starttime="20210510 13:20:15.403" endtime="20210510 13:20:15.495"/>
</kw>
<kw name="Input Text" library="SeleniumLibrary">
<arg>//input[@name="middlewarebundle_login[password]"]</arg>
<arg>azerty</arg>
<doc>Types the given ``text`` into the text field identified by ``locator``.</doc>
<msg timestamp="20210510 13:20:15.496" level="INFO">Typing text 'azerty' into text field '//input[@name="middlewarebundle_login[password]"]'.</msg>
<status status="PASS" starttime="20210510 13:20:15.495" endtime="20210510 13:20:15.559"/>
</kw>
<kw name="Click Element" library="SeleniumLibrary">
<arg>//button[@class="btn btn-submit"]</arg>
<doc>Click the element identified by ``locator``.</doc>
<msg timestamp="20210510 13:20:15.560" level="INFO">Clicking element '//button[@class="btn btn-submit"]'.</msg>
<status status="PASS" starttime="20210510 13:20:15.560" endtime="20210510 13:20:17.935"/>
</kw>
<kw name="Click Element" library="SeleniumLibrary">
<arg>//div[@class="welcome-item"]</arg>
<doc>Click the element identified by ``locator``.</doc>
<msg timestamp="20210510 13:20:17.936" level="INFO">Clicking element '//div[@class="welcome-item"]'.</msg>
<status status="PASS" starttime="20210510 13:20:17.935" endtime="20210510 13:20:18.843"/>
</kw>
<kw name="Click Element" library="SeleniumLibrary">
<arg>//*[@id="newFdp"]/div[1]/div[2]/ul/li/span[2]/button</arg>
<doc>Click the element identified by ``locator``.</doc>
<msg timestamp="20210510 13:20:18.844" level="INFO">Clicking element '//*[@id="newFdp"]/div[1]/div[2]/ul/li/span[2]/button'.</msg>
<status status="PASS" starttime="20210510 13:20:18.844" endtime="20210510 13:20:18.909"/>
</kw>
<kw name="Sleep" library="BuiltIn">
<arg>10s</arg>
<doc>Pauses the test executed for the given time.</doc>
<msg timestamp="20210510 13:20:28.911" level="INFO">Slept 10 seconds</msg>
<status status="PASS" starttime="20210510 13:20:18.910" endtime="20210510 13:20:28.911"/>
</kw>
<kw name="Capture Page Screenshot" library="SeleniumLibrary">
<arg>C:\\Users\\tp\\OneDrive\\Bureau\\JenkinsWorkspace\\RobotFramework${/}Capture Yousign${/}CaptureTSE1_Accueil.png</arg>
<doc>Takes a screenshot of the current page and embeds it into a log file.</doc>
<msg timestamp="20210510 13:20:29.077" level="INFO" html="true">&lt;/td&gt;&lt;/tr&gt;&lt;tr&gt;&lt;td colspan="3"&gt;&lt;a href="Capture%20Yousign/CaptureTSE1_Accueil.png"&gt;&lt;img src="Capture%20Yousign/CaptureTSE1_Accueil.png" width="800px"&gt;&lt;/a&gt;</msg>
<status status="PASS" starttime="20210510 13:20:28.912" endtime="20210510 13:20:29.077"/>
</kw>
<kw name="Close Browser" library="SeleniumLibrary">
<doc>Closes the current browser.</doc>
<status status="PASS" starttime="20210510 13:20:29.078" endtime="20210510 13:20:31.259"/>
</kw>
<status status="PASS" starttime="20210510 13:20:03.327" endtime="20210510 13:20:31.261"/>
</test>
<test id="s1-t15" name="Verification de la reception du doc dans le compte particulier: Onglet &quot;Docs&quot;">
<kw name="Sleep" library="BuiltIn">
<arg>10s</arg>
<doc>Pauses the test executed for the given time.</doc>
<msg timestamp="20210510 13:20:41.280" level="INFO">Slept 10 seconds</msg>
<status status="PASS" starttime="20210510 13:20:31.267" endtime="20210510 13:20:41.280"/>
</kw>
<kw name="Open Browser" library="SeleniumLibrary">
<arg>https://www.myprojectcompanion.com/fr/YayaB1749/login</arg>
<arg>${BROWSER}</arg>
<doc>Opens a new browser instance to the optional ``url``.</doc>
<msg timestamp="20210510 13:20:41.283" level="INFO">Opening browser 'chrome' to base url 'https://www.myprojectcompanion.com/fr/YayaB1749/login'.</msg>
<status status="PASS" starttime="20210510 13:20:41.281" endtime="20210510 13:20:43.141"/>
</kw>
<kw name="Input Text" library="SeleniumLibrary">
<arg>//input[@name="middlewarebundle_login[username]"]</arg>
<arg>borutouzumaki@yopmail.com</arg>
<doc>Types the given ``text`` into the text field identified by ``locator``.</doc>
<msg timestamp="20210510 13:20:43.142" level="INFO">Typing text 'borutouzumaki@yopmail.com' into text field '//input[@name="middlewarebundle_login[username]"]'.</msg>
<status status="PASS" starttime="20210510 13:20:43.141" endtime="20210510 13:20:43.241"/>
</kw>
<kw name="Input Text" library="SeleniumLibrary">
<arg>//input[@name="middlewarebundle_login[password]"]</arg>
<arg>azerty</arg>
<doc>Types the given ``text`` into the text field identified by ``locator``.</doc>
<msg timestamp="20210510 13:20:43.242" level="INFO">Typing text 'azerty' into text field '//input[@name="middlewarebundle_login[password]"]'.</msg>
<status status="PASS" starttime="20210510 13:20:43.241" endtime="20210510 13:20:43.303"/>
</kw>
<kw name="Click Element" library="SeleniumLibrary">
<arg>//button[@class="btn btn-submit"]</arg>
<doc>Click the element identified by ``locator``.</doc>
<msg timestamp="20210510 13:20:43.304" level="INFO">Clicking element '//button[@class="btn btn-submit"]'.</msg>
<status status="PASS" starttime="20210510 13:20:43.304" endtime="20210510 13:20:44.990"/>
</kw>
<kw name="Click Element" library="SeleniumLibrary">
<arg>//img[@class="welcome-icon"]</arg>
<doc>Click the element identified by ``locator``.</doc>
<msg timestamp="20210510 13:20:44.991" level="INFO">Clicking element '//img[@class="welcome-icon"]'.</msg>
<status status="PASS" starttime="20210510 13:20:44.991" endtime="20210510 13:20:45.872"/>
</kw>
<kw name="Click Link" library="SeleniumLibrary">
<arg>xpath=(//a[@href="/fr/YayaB1749/documents"])[2]</arg>
<doc>Clicks a link identified by ``locator``.</doc>
<msg timestamp="20210510 13:20:45.872" level="INFO">Clicking link 'xpath=(//a[@href="/fr/YayaB1749/documents"])[2]'.</msg>
<status status="PASS" starttime="20210510 13:20:45.872" endtime="20210510 13:20:47.262"/>
</kw>
<kw name="Click Element" library="SeleniumLibrary">
<arg>//*[@id="mainSection"]/div/div/div[1]/div[2]/div[2]/div[1]/div[1]/div[2]/div/div/div/div/div/div[1]/div/img</arg>
<doc>Click the element identified by ``locator``.</doc>
<msg timestamp="20210510 13:20:47.263" level="INFO">Clicking element '//*[@id="mainSection"]/div/div/div[1]/div[2]/div[2]/div[1]/div[1]/div[2]/div/div/div/div/div/div[1]/div/img'.</msg>
<status status="PASS" starttime="20210510 13:20:47.263" endtime="20210510 13:20:47.357"/>
</kw>
<kw name="Sleep" library="BuiltIn">
<arg>10s</arg>
<doc>Pauses the test executed for the given time.</doc>
<msg timestamp="20210510 13:20:57.371" level="INFO">Slept 10 seconds</msg>
<status status="PASS" starttime="20210510 13:20:47.357" endtime="20210510 13:20:57.371"/>
</kw>
<kw name="Capture Page Screenshot" library="SeleniumLibrary">
<arg>C:\\Users\\tp\\OneDrive\\Bureau\\JenkinsWorkspace\\RobotFramework${/}Capture Yousign${/}CaptureTSE1_OngletDoc.png</arg>
<doc>Takes a screenshot of the current page and embeds it into a log file.</doc>
<msg timestamp="20210510 13:20:57.514" level="INFO" html="true">&lt;/td&gt;&lt;/tr&gt;&lt;tr&gt;&lt;td colspan="3"&gt;&lt;a href="Capture%20Yousign/CaptureTSE1_OngletDoc.png"&gt;&lt;img src="Capture%20Yousign/CaptureTSE1_OngletDoc.png" width="800px"&gt;&lt;/a&gt;</msg>
<status status="PASS" starttime="20210510 13:20:57.373" endtime="20210510 13:20:57.514"/>
</kw>
<kw name="Sleep" library="BuiltIn">
<arg>10s</arg>
<doc>Pauses the test executed for the given time.</doc>
<msg timestamp="20210510 13:21:07.527" level="INFO">Slept 10 seconds</msg>
<status status="PASS" starttime="20210510 13:20:57.514" endtime="20210510 13:21:07.527"/>
</kw>
<kw name="Close Browser" library="SeleniumLibrary">
<doc>Closes the current browser.</doc>
<status status="PASS" starttime="20210510 13:21:07.529" endtime="20210510 13:21:09.680"/>
</kw>
<status status="PASS" starttime="20210510 13:20:31.266" endtime="20210510 13:21:09.681"/>
</test>
<test id="s1-t16" name="Verification de la SE dans le mail">
<kw name="Sleep" library="BuiltIn">
<arg>10s</arg>
<doc>Pauses the test executed for the given time.</doc>
<msg timestamp="20210510 13:21:19.699" level="INFO">Slept 10 seconds</msg>
<status status="PASS" starttime="20210510 13:21:09.683" endtime="20210510 13:21:19.699"/>
</kw>
<kw name="Open Browser" library="SeleniumLibrary">
<arg>http://www.yopmail.com/</arg>
<arg>${BROWSER}</arg>
<doc>Opens a new browser instance to the optional ``url``.</doc>
<msg timestamp="20210510 13:21:19.703" level="INFO">Opening browser 'chrome' to base url 'http://www.yopmail.com/'.</msg>
<status status="PASS" starttime="20210510 13:21:19.702" endtime="20210510 13:21:21.212"/>
</kw>
<kw name="Input Text" library="SeleniumLibrary">
<arg>//input[@name="login"]</arg>
<arg>borutouzumaki</arg>
<doc>Types the given ``text`` into the text field identified by ``locator``.</doc>
<msg timestamp="20210510 13:21:21.213" level="INFO">Typing text 'borutouzumaki' into text field '//input[@name="login"]'.</msg>
<status status="PASS" starttime="20210510 13:21:21.213" endtime="20210510 13:21:21.296"/>
</kw>
<kw name="Wait Until Page Contains Element" library="SeleniumLibrary">
<arg>//input[@title="Vérifier les mails @yopmail.com"]</arg>
<doc>Waits until the element ``locator`` appears on the current page.</doc>
<status status="PASS" starttime="20210510 13:21:21.297" endtime="20210510 13:21:21.307"/>
</kw>
<kw name="Click Element" library="SeleniumLibrary">
<arg>//input[@title="Vérifier les mails @yopmail.com"]</arg>
<doc>Click the element identified by ``locator``.</doc>
<msg timestamp="20210510 13:21:21.308" level="INFO">Clicking element '//input[@title="Vérifier les mails @yopmail.com"]'.</msg>
<status status="PASS" starttime="20210510 13:21:21.308" endtime="20210510 13:21:21.734"/>
</kw>
<kw name="Sleep" library="BuiltIn">
<arg>3s</arg>
<doc>Pauses the test executed for the given time.</doc>
<msg timestamp="20210510 13:21:24.750" level="INFO">Slept 3 seconds</msg>
<status status="PASS" starttime="20210510 13:21:21.735" endtime="20210510 13:21:24.750"/>
</kw>
<kw name="Capture Page Screenshot" library="SeleniumLibrary">
<arg>C:\\Users\\tp\\OneDrive\\Bureau\\JenkinsWorkspace\\RobotFramework${/}Capture Yousign${/}CaptureTSE1_MAIL.png</arg>
<doc>Takes a screenshot of the current page and embeds it into a log file.</doc>
<msg timestamp="20210510 13:21:24.912" level="INFO" html="true">&lt;/td&gt;&lt;/tr&gt;&lt;tr&gt;&lt;td colspan="3"&gt;&lt;a href="Capture%20Yousign/CaptureTSE1_MAIL.png"&gt;&lt;img src="Capture%20Yousign/CaptureTSE1_MAIL.png" width="800px"&gt;&lt;/a&gt;</msg>
<status status="PASS" starttime="20210510 13:21:24.753" endtime="20210510 13:21:24.912"/>
</kw>
<status status="PASS" starttime="20210510 13:21:09.683" endtime="20210510 13:21:24.913"/>
</test>
<test id="s1-t17" name="Fin du test: Fermer le navigateur">
<kw name="Sleep" library="BuiltIn">
<arg>10s</arg>
<doc>Pauses the test executed for the given time.</doc>
<msg timestamp="20210510 13:21:34.918" level="INFO">Slept 10 seconds</msg>
<status status="PASS" starttime="20210510 13:21:24.915" endtime="20210510 13:21:34.919"/>
</kw>
<kw name="Close Browser" library="SeleniumLibrary">
<doc>Closes the current browser.</doc>
<status status="PASS" starttime="20210510 13:21:34.921" endtime="20210510 13:21:37.055"/>
</kw>
<status status="PASS" starttime="20210510 13:21:24.915" endtime="20210510 13:21:37.056"/>
</test>
<status status="PASS" starttime="20210510 13:17:40.309" endtime="20210510 13:21:37.057"/>
</suite>
<statistics>
<total>
<stat pass="17" fail="0" skip="0">All Tests</stat>
</total>
<tag>
</tag>
<suite>
<stat pass="17" fail="0" skip="0" id="s1" name="TSE1">TSE1</stat>
</suite>
</statistics>
<errors>
</errors>
</robot>
