<?xml version="1.0" encoding="UTF-8"?>
<robot generator="Robot 4.0 (Python 3.9.4 on win32)" generated="20210511 17:12:15.707" rpa="false" schemaversion="2">
<suite id="s1" name="TSE5" source="C:\Users\tp\OneDrive\Bureau\TEST AUTO SE\RobotFrameworkSCOPLAN Preprod (dossiers)\TSE5.robot">
<test id="s1-t1" name="Connexion: L'utilistateur est connecte et arrive sur le fil du projet">
<kw name="Open Browser" library="SeleniumLibrary">
<arg>https://preprod.scoplan.com/fr/login</arg>
<arg>${BROWSER}</arg>
<doc>Opens a new browser instance to the optional ``url``.</doc>
<msg timestamp="20210511 17:12:15.964" level="INFO">Opening browser 'chrome' to base url 'https://preprod.scoplan.com/fr/login'.</msg>
<status status="PASS" starttime="20210511 17:12:15.963" endtime="20210511 17:12:17.824"/>
</kw>
<kw name="Maximize Browser Window" library="SeleniumLibrary">
<doc>Maximizes current browser window.</doc>
<status status="PASS" starttime="20210511 17:12:17.825" endtime="20210511 17:12:17.952"/>
</kw>
<kw name="Wait Until Page Contains Element" library="SeleniumLibrary">
<arg>//input[@id="middlewarebundle_login_email"]</arg>
<doc>Waits until the element ``locator`` appears on the current page.</doc>
<status status="PASS" starttime="20210511 17:12:17.953" endtime="20210511 17:12:17.965"/>
</kw>
<kw name="Input Text" library="SeleniumLibrary">
<arg>//input[@id="middlewarebundle_login_email"]</arg>
<arg>${mail}</arg>
<doc>Types the given ``text`` into the text field identified by ``locator``.</doc>
<msg timestamp="20210511 17:12:17.966" level="INFO">Typing text 'yb@scoplan.com' into text field '//input[@id="middlewarebundle_login_email"]'.</msg>
<status status="PASS" starttime="20210511 17:12:17.966" endtime="20210511 17:12:18.033"/>
</kw>
<kw name="Wait Until Page Contains Element" library="SeleniumLibrary">
<arg>//div[@class="form-container"]</arg>
<doc>Waits until the element ``locator`` appears on the current page.</doc>
<status status="PASS" starttime="20210511 17:12:18.034" endtime="20210511 17:12:18.042"/>
</kw>
<kw name="Click Element" library="SeleniumLibrary">
<arg>//div[@class="form-container"]</arg>
<doc>Click the element identified by ``locator``.</doc>
<msg timestamp="20210511 17:12:18.042" level="INFO">Clicking element '//div[@class="form-container"]'.</msg>
<status status="PASS" starttime="20210511 17:12:18.042" endtime="20210511 17:12:18.071"/>
</kw>
<kw name="Wait Until Page Contains Element" library="SeleniumLibrary">
<arg>//input[@id="middlewarebundle_login_password"]</arg>
<doc>Waits until the element ``locator`` appears on the current page.</doc>
<status status="PASS" starttime="20210511 17:12:18.072" endtime="20210511 17:12:18.081"/>
</kw>
<kw name="Input Text" library="SeleniumLibrary">
<arg>//input[@id="middlewarebundle_login_password"]</arg>
<arg>${password}</arg>
<doc>Types the given ``text`` into the text field identified by ``locator``.</doc>
<msg timestamp="20210511 17:12:18.081" level="INFO">Typing text 'bcf92299329' into text field '//input[@id="middlewarebundle_login_password"]'.</msg>
<status status="PASS" starttime="20210511 17:12:18.081" endtime="20210511 17:12:18.133"/>
</kw>
<kw name="Wait Until Page Contains Element" library="SeleniumLibrary">
<arg>//button[@class="btn btn-submit"]</arg>
<doc>Waits until the element ``locator`` appears on the current page.</doc>
<status status="PASS" starttime="20210511 17:12:18.133" endtime="20210511 17:12:18.143"/>
</kw>
<kw name="Click Element" library="SeleniumLibrary">
<arg>//button[@class="btn btn-submit"]</arg>
<doc>Click the element identified by ``locator``.</doc>
<msg timestamp="20210511 17:12:18.144" level="INFO">Clicking element '//button[@class="btn btn-submit"]'.</msg>
<status status="PASS" starttime="20210511 17:12:18.144" endtime="20210511 17:12:20.369"/>
</kw>
<status status="PASS" starttime="20210511 17:12:15.956" endtime="20210511 17:12:20.370"/>
</test>
<test id="s1-t2" name="Choisir le compte Uzumaki Boruto">
<kw name="Sleep" library="BuiltIn">
<arg>10s</arg>
<doc>Pauses the test executed for the given time.</doc>
<msg timestamp="20210511 17:12:30.382" level="INFO">Slept 10 seconds</msg>
<status status="PASS" starttime="20210511 17:12:20.372" endtime="20210511 17:12:30.382"/>
</kw>
<kw name="Wait Until Page Contains Element" library="SeleniumLibrary">
<arg>xpath=(//a[@href="https://preprod.scoplan.com/fr/project/detail/1790"])[6]</arg>
<doc>Waits until the element ``locator`` appears on the current page.</doc>
<status status="PASS" starttime="20210511 17:12:30.383" endtime="20210511 17:12:30.395"/>
</kw>
<kw name="Click Link" library="SeleniumLibrary">
<arg>xpath=(//a[@href="https://preprod.scoplan.com/fr/project/detail/1790"])[6]</arg>
<doc>Clicks a link identified by ``locator``.</doc>
<msg timestamp="20210511 17:12:30.396" level="INFO">Clicking link 'xpath=(//a[@href="https://preprod.scoplan.com/fr/project/detail/1790"])[6]'.</msg>
<status status="PASS" starttime="20210511 17:12:30.396" endtime="20210511 17:12:32.186"/>
</kw>
<status status="PASS" starttime="20210511 17:12:20.372" endtime="20210511 17:12:32.186"/>
</test>
<test id="s1-t3" name="Cliquer sur ajouter un document: Un pop s'affiche">
<kw name="Sleep" library="BuiltIn">
<arg>10s</arg>
<doc>Pauses the test executed for the given time.</doc>
<msg timestamp="20210511 17:12:42.192" level="INFO">Slept 10 seconds</msg>
<status status="PASS" starttime="20210511 17:12:32.190" endtime="20210511 17:12:42.192"/>
</kw>
<kw name="Wait Until Page Contains Element" library="SeleniumLibrary">
<arg>//*[@id="icone-action"]/a[4]</arg>
<doc>Waits until the element ``locator`` appears on the current page.</doc>
<status status="PASS" starttime="20210511 17:12:42.193" endtime="20210511 17:12:42.211"/>
</kw>
<kw name="Click Element" library="SeleniumLibrary">
<arg>//*[@id="icone-action"]/a[4]</arg>
<doc>Click the element identified by ``locator``.</doc>
<msg timestamp="20210511 17:12:42.212" level="INFO">Clicking element '//*[@id="icone-action"]/a[4]'.</msg>
<status status="PASS" starttime="20210511 17:12:42.212" endtime="20210511 17:12:42.284"/>
</kw>
<status status="PASS" starttime="20210511 17:12:32.188" endtime="20210511 17:12:42.284"/>
</test>
<test id="s1-t4" name="Choisir le fichier">
<kw name="Sleep" library="BuiltIn">
<arg>10s</arg>
<doc>Pauses the test executed for the given time.</doc>
<msg timestamp="20210511 17:12:52.296" level="INFO">Slept 10 seconds</msg>
<status status="PASS" starttime="20210511 17:12:42.287" endtime="20210511 17:12:52.296"/>
</kw>
<kw name="Wait Until Page Contains Element" library="SeleniumLibrary">
<arg>xpath=(//input[@class="dz-hidden-input"])[5]</arg>
<doc>Waits until the element ``locator`` appears on the current page.</doc>
<status status="PASS" starttime="20210511 17:12:52.297" endtime="20210511 17:12:52.322"/>
</kw>
<kw name="Choose File" library="SeleniumLibrary">
<arg>xpath=(//input[@class="dz-hidden-input"])[5]</arg>
<arg>C:\\Users\\tp\\OneDrive\\Bureau\\TEST AUTO SE\\RobotFrameworkSCOPLAN Preprod (dossiers)${/}data${/}FACTURE 1.pdf</arg>
<doc>Inputs the ``file_path`` into the file input field ``locator``.</doc>
<msg timestamp="20210511 17:12:52.323" level="INFO">Sending C:\Users\tp\OneDrive\Bureau\TEST AUTO SE\RobotFrameworkSCOPLAN Preprod (dossiers)\data\FACTURE 1.pdf to browser.</msg>
<status status="PASS" starttime="20210511 17:12:52.323" endtime="20210511 17:12:52.368"/>
</kw>
<kw name="Sleep" library="BuiltIn">
<arg>5s</arg>
<doc>Pauses the test executed for the given time.</doc>
<msg timestamp="20210511 17:12:57.373" level="INFO">Slept 5 seconds</msg>
<status status="PASS" starttime="20210511 17:12:52.369" endtime="20210511 17:12:57.373"/>
</kw>
<kw name="Choose File" library="SeleniumLibrary">
<arg>xpath=(//input[@class="dz-hidden-input"])[5]</arg>
<arg>C:\\Users\\tp\\OneDrive\\Bureau\\TEST AUTO SE\\RobotFrameworkSCOPLAN Preprod (dossiers)${/}data${/}FACTURE 2.pdf</arg>
<doc>Inputs the ``file_path`` into the file input field ``locator``.</doc>
<msg timestamp="20210511 17:12:57.373" level="INFO">Sending C:\Users\tp\OneDrive\Bureau\TEST AUTO SE\RobotFrameworkSCOPLAN Preprod (dossiers)\data\FACTURE 2.pdf to browser.</msg>
<status status="PASS" starttime="20210511 17:12:57.373" endtime="20210511 17:12:57.414"/>
</kw>
<kw name="Sleep" library="BuiltIn">
<arg>5s</arg>
<doc>Pauses the test executed for the given time.</doc>
<msg timestamp="20210511 17:13:02.420" level="INFO">Slept 5 seconds</msg>
<status status="PASS" starttime="20210511 17:12:57.415" endtime="20210511 17:13:02.420"/>
</kw>
<kw name="Choose File" library="SeleniumLibrary">
<arg>xpath=(//input[@class="dz-hidden-input"])[5]</arg>
<arg>C:\\Users\\tp\\OneDrive\\Bureau\\TEST AUTO SE\\RobotFrameworkSCOPLAN Preprod (dossiers)${/}data${/}FACTURE 3.pdf</arg>
<doc>Inputs the ``file_path`` into the file input field ``locator``.</doc>
<msg timestamp="20210511 17:13:02.424" level="INFO">Sending C:\Users\tp\OneDrive\Bureau\TEST AUTO SE\RobotFrameworkSCOPLAN Preprod (dossiers)\data\FACTURE 3.pdf to browser.</msg>
<status status="PASS" starttime="20210511 17:13:02.422" endtime="20210511 17:13:02.489"/>
</kw>
<status status="PASS" starttime="20210511 17:12:42.286" endtime="20210511 17:13:02.489"/>
</test>
<test id="s1-t5" name="Cliquer sur &quot;signature electronique par le client&quot;">
<kw name="Sleep" library="BuiltIn">
<arg>10s</arg>
<doc>Pauses the test executed for the given time.</doc>
<msg timestamp="20210511 17:13:12.499" level="INFO">Slept 10 seconds</msg>
<status status="PASS" starttime="20210511 17:13:02.493" endtime="20210511 17:13:12.499"/>
</kw>
<kw name="Wait Until Page Contains Element" library="SeleniumLibrary">
<arg>//*[@id="addDocModalActionWrap"]/div[1]/div[2]/div[1]/div[1]/label/span</arg>
<doc>Waits until the element ``locator`` appears on the current page.</doc>
<status status="PASS" starttime="20210511 17:13:12.501" endtime="20210511 17:13:12.535"/>
</kw>
<kw name="Click Element" library="SeleniumLibrary">
<arg>//*[@id="addDocModalActionWrap"]/div[1]/div[2]/div[1]/div[1]/label/span</arg>
<doc>Click the element identified by ``locator``.</doc>
<msg timestamp="20210511 17:13:12.536" level="INFO">Clicking element '//*[@id="addDocModalActionWrap"]/div[1]/div[2]/div[1]/div[1]/label/span'.</msg>
<status status="PASS" starttime="20210511 17:13:12.536" endtime="20210511 17:13:12.637"/>
</kw>
<status status="PASS" starttime="20210511 17:13:02.492" endtime="20210511 17:13:12.638"/>
</test>
<test id="s1-t6" name="Cliquer sur &quot;Autres documents&quot;">
<kw name="Sleep" library="BuiltIn">
<arg>10s</arg>
<doc>Pauses the test executed for the given time.</doc>
<msg timestamp="20210511 17:13:22.642" level="INFO">Slept 10 seconds</msg>
<status status="PASS" starttime="20210511 17:13:12.641" endtime="20210511 17:13:22.643"/>
</kw>
<kw name="Wait Until Page Contains Element" library="SeleniumLibrary">
<arg>//*[@id="ccmiOptionsRow"]/div[3]/div/label/span</arg>
<doc>Waits until the element ``locator`` appears on the current page.</doc>
<status status="PASS" starttime="20210511 17:13:22.644" endtime="20210511 17:13:22.665"/>
</kw>
<kw name="Click Element" library="SeleniumLibrary">
<arg>//*[@id="ccmiOptionsRow"]/div[3]/div/label/span</arg>
<doc>Click the element identified by ``locator``.</doc>
<msg timestamp="20210511 17:13:22.666" level="INFO">Clicking element '//*[@id="ccmiOptionsRow"]/div[3]/div/label/span'.</msg>
<status status="PASS" starttime="20210511 17:13:22.666" endtime="20210511 17:13:22.764"/>
</kw>
<status status="PASS" starttime="20210511 17:13:12.640" endtime="20210511 17:13:22.765"/>
</test>
<test id="s1-t7" name="Choisir dossier non classé">
<kw name="Wait Until Page Contains Element" library="SeleniumLibrary">
<arg>//*[@id="addDocModalActionWrap"]/div[2]/div[1]/label/span</arg>
<doc>Waits until the element ``locator`` appears on the current page.</doc>
<status status="PASS" starttime="20210511 17:13:22.767" endtime="20210511 17:13:22.783"/>
</kw>
<kw name="Click Element" library="SeleniumLibrary">
<arg>//*[@id="addDocModalActionWrap"]/div[2]/div[1]/label/span</arg>
<doc>Click the element identified by ``locator``.</doc>
<msg timestamp="20210511 17:13:22.784" level="INFO">Clicking element '//*[@id="addDocModalActionWrap"]/div[2]/div[1]/label/span'.</msg>
<status status="PASS" starttime="20210511 17:13:22.783" endtime="20210511 17:13:22.859"/>
</kw>
<status status="PASS" starttime="20210511 17:13:22.766" endtime="20210511 17:13:22.860"/>
</test>
<test id="s1-t8" name="Upload le doc">
<kw name="Sleep" library="BuiltIn">
<arg>10s</arg>
<doc>Pauses the test executed for the given time.</doc>
<msg timestamp="20210511 17:13:32.872" level="INFO">Slept 10 seconds</msg>
<status status="PASS" starttime="20210511 17:13:22.862" endtime="20210511 17:13:32.872"/>
</kw>
<kw name="Wait Until Page Contains Element" library="SeleniumLibrary">
<arg>//button[@id="projectStepDocSubmit"]</arg>
<doc>Waits until the element ``locator`` appears on the current page.</doc>
<status status="PASS" starttime="20210511 17:13:32.873" endtime="20210511 17:13:32.883"/>
</kw>
<kw name="Click Element" library="SeleniumLibrary">
<arg>//button[@id="projectStepDocSubmit"]</arg>
<doc>Click the element identified by ``locator``.</doc>
<msg timestamp="20210511 17:13:32.884" level="INFO">Clicking element '//button[@id="projectStepDocSubmit"]'.</msg>
<status status="PASS" starttime="20210511 17:13:32.884" endtime="20210511 17:13:32.945"/>
</kw>
<status status="PASS" starttime="20210511 17:13:22.861" endtime="20210511 17:13:32.946"/>
</test>
<test id="s1-t9" name="Valider et envoyer le doc">
<kw name="Sleep" library="BuiltIn">
<arg>10s</arg>
<doc>Pauses the test executed for the given time.</doc>
<msg timestamp="20210511 17:13:42.949" level="INFO">Slept 10 seconds</msg>
<status status="PASS" starttime="20210511 17:13:32.948" endtime="20210511 17:13:42.950"/>
</kw>
<kw name="Wait Until Page Contains Element" library="SeleniumLibrary">
<arg>//button[@class="btn btn-success confirmCoords"]</arg>
<doc>Waits until the element ``locator`` appears on the current page.</doc>
<status status="PASS" starttime="20210511 17:13:42.951" endtime="20210511 17:13:42.973"/>
</kw>
<kw name="Click Element" library="SeleniumLibrary">
<arg>//button[@class="btn btn-success confirmCoords"]</arg>
<doc>Click the element identified by ``locator``.</doc>
<msg timestamp="20210511 17:13:42.974" level="INFO">Clicking element '//button[@class="btn btn-success confirmCoords"]'.</msg>
<status status="PASS" starttime="20210511 17:13:42.974" endtime="20210511 17:13:43.034"/>
</kw>
<kw name="Sleep" library="BuiltIn">
<arg>10s</arg>
<doc>Pauses the test executed for the given time.</doc>
<msg timestamp="20210511 17:13:53.042" level="INFO">Slept 10 seconds</msg>
<status status="PASS" starttime="20210511 17:13:43.035" endtime="20210511 17:13:53.043"/>
</kw>
<kw name="Wait Until Page Contains Element" library="SeleniumLibrary">
<arg>//button[@class="btn btn-success confirmCoords"]</arg>
<doc>Waits until the element ``locator`` appears on the current page.</doc>
<status status="PASS" starttime="20210511 17:13:53.044" endtime="20210511 17:13:53.070"/>
</kw>
<kw name="Click Element" library="SeleniumLibrary">
<arg>//button[@class="btn btn-success confirmCoords"]</arg>
<doc>Click the element identified by ``locator``.</doc>
<msg timestamp="20210511 17:13:53.071" level="INFO">Clicking element '//button[@class="btn btn-success confirmCoords"]'.</msg>
<status status="PASS" starttime="20210511 17:13:53.071" endtime="20210511 17:13:53.136"/>
</kw>
<kw name="Sleep" library="BuiltIn">
<arg>10s</arg>
<doc>Pauses the test executed for the given time.</doc>
<msg timestamp="20210511 17:14:03.143" level="INFO">Slept 10 seconds</msg>
<status status="PASS" starttime="20210511 17:13:53.137" endtime="20210511 17:14:03.143"/>
</kw>
<kw name="Wait Until Page Contains Element" library="SeleniumLibrary">
<arg>//button[@class="btn btn-success confirmCoords"]</arg>
<doc>Waits until the element ``locator`` appears on the current page.</doc>
<status status="PASS" starttime="20210511 17:14:03.144" endtime="20210511 17:14:03.184"/>
</kw>
<kw name="Click Element" library="SeleniumLibrary">
<arg>//button[@class="btn btn-success confirmCoords"]</arg>
<doc>Click the element identified by ``locator``.</doc>
<msg timestamp="20210511 17:14:03.185" level="INFO">Clicking element '//button[@class="btn btn-success confirmCoords"]'.</msg>
<status status="PASS" starttime="20210511 17:14:03.184" endtime="20210511 17:14:03.252"/>
</kw>
<status status="PASS" starttime="20210511 17:13:32.947" endtime="20210511 17:14:03.253"/>
</test>
<test id="s1-t10" name="Verification de la reception du doc dans le compte CMI (FDP): FDP">
<kw name="Sleep" library="BuiltIn">
<arg>10s</arg>
<doc>Pauses the test executed for the given time.</doc>
<msg timestamp="20210511 17:14:13.262" level="INFO">Slept 10 seconds</msg>
<status status="PASS" starttime="20210511 17:14:03.258" endtime="20210511 17:14:13.263"/>
</kw>
<kw name="Wait Until Page Contains Element" library="SeleniumLibrary">
<arg>//*[@id="1 - Bienvenue"]/a/img</arg>
<doc>Waits until the element ``locator`` appears on the current page.</doc>
<status status="PASS" starttime="20210511 17:14:13.264" endtime="20210511 17:14:13.312"/>
</kw>
<kw name="Page Should Contain" library="SeleniumLibrary">
<arg>FACTURE 1.pdf</arg>
<doc>Verifies that current page contains ``text``.</doc>
<msg timestamp="20210511 17:14:13.334" level="INFO">Current page contains text 'FACTURE 1.pdf'.</msg>
<status status="PASS" starttime="20210511 17:14:13.312" endtime="20210511 17:14:13.334"/>
</kw>
<kw name="Page Should Contain" library="SeleniumLibrary">
<arg>FACTURE 2.pdf</arg>
<doc>Verifies that current page contains ``text``.</doc>
<msg timestamp="20210511 17:14:13.351" level="INFO">Current page contains text 'FACTURE 2.pdf'.</msg>
<status status="PASS" starttime="20210511 17:14:13.335" endtime="20210511 17:14:13.351"/>
</kw>
<kw name="Page Should Contain" library="SeleniumLibrary">
<arg>FACTURE 3.pdf</arg>
<doc>Verifies that current page contains ``text``.</doc>
<msg timestamp="20210511 17:14:13.368" level="INFO">Current page contains text 'FACTURE 3.pdf'.</msg>
<status status="PASS" starttime="20210511 17:14:13.352" endtime="20210511 17:14:13.368"/>
</kw>
<status status="PASS" starttime="20210511 17:14:03.255" endtime="20210511 17:14:13.369"/>
</test>
<test id="s1-t11" name="Verification de la reception du doc dans le compte CMI (FDP): Partie &quot;Docs&quot;">
<kw name="Sleep" library="BuiltIn">
<arg>10s</arg>
<doc>Pauses the test executed for the given time.</doc>
<msg timestamp="20210511 17:14:23.378" level="INFO">Slept 10 seconds</msg>
<status status="PASS" starttime="20210511 17:14:13.371" endtime="20210511 17:14:23.378"/>
</kw>
<kw name="Wait Until Page Contains Element" library="SeleniumLibrary">
<arg>xpath=(//a[@class="baas tesss"])[3]</arg>
<doc>Waits until the element ``locator`` appears on the current page.</doc>
<status status="PASS" starttime="20210511 17:14:23.378" endtime="20210511 17:14:23.389"/>
</kw>
<kw name="Click Link" library="SeleniumLibrary">
<arg>xpath=(//a[@class="baas tesss"])[3]</arg>
<doc>Clicks a link identified by ``locator``.</doc>
<msg timestamp="20210511 17:14:23.390" level="INFO">Clicking link 'xpath=(//a[@class="baas tesss"])[3]'.</msg>
<status status="PASS" starttime="20210511 17:14:23.390" endtime="20210511 17:14:23.488"/>
</kw>
<kw name="Sleep" library="BuiltIn">
<arg>10s</arg>
<doc>Pauses the test executed for the given time.</doc>
<msg timestamp="20210511 17:14:33.492" level="INFO">Slept 10 seconds</msg>
<status status="PASS" starttime="20210511 17:14:23.488" endtime="20210511 17:14:33.492"/>
</kw>
<kw name="Page Should Contain" library="SeleniumLibrary">
<arg>FACTURE 1.pdf</arg>
<doc>Verifies that current page contains ``text``.</doc>
<msg timestamp="20210511 17:14:33.527" level="INFO">Current page contains text 'FACTURE 1.pdf'.</msg>
<status status="PASS" starttime="20210511 17:14:33.494" endtime="20210511 17:14:33.527"/>
</kw>
<kw name="Page Should Contain" library="SeleniumLibrary">
<arg>FACTURE 2.pdf</arg>
<doc>Verifies that current page contains ``text``.</doc>
<msg timestamp="20210511 17:14:33.545" level="INFO">Current page contains text 'FACTURE 2.pdf'.</msg>
<status status="PASS" starttime="20210511 17:14:33.528" endtime="20210511 17:14:33.545"/>
</kw>
<kw name="Page Should Contain" library="SeleniumLibrary">
<arg>FACTURE 3.pdf</arg>
<doc>Verifies that current page contains ``text``.</doc>
<msg timestamp="20210511 17:14:33.561" level="INFO">Current page contains text 'FACTURE 3.pdf'.</msg>
<status status="PASS" starttime="20210511 17:14:33.546" endtime="20210511 17:14:33.561"/>
</kw>
<status status="PASS" starttime="20210511 17:14:13.370" endtime="20210511 17:14:33.562"/>
</test>
<test id="s1-t12" name="Fermer le navigateur du compte Scoplan">
<kw name="Sleep" library="BuiltIn">
<arg>10s</arg>
<doc>Pauses the test executed for the given time.</doc>
<msg timestamp="20210511 17:14:43.576" level="INFO">Slept 10 seconds</msg>
<status status="PASS" starttime="20210511 17:14:33.564" endtime="20210511 17:14:43.576"/>
</kw>
<kw name="Close Browser" library="SeleniumLibrary">
<doc>Closes the current browser.</doc>
<status status="PASS" starttime="20210511 17:14:43.577" endtime="20210511 17:14:45.745"/>
</kw>
<status status="PASS" starttime="20210511 17:14:33.563" endtime="20210511 17:14:45.747"/>
</test>
<test id="s1-t13" name="Verification de la reception du doc dans le compte particulier: &quot;Accueil&quot;">
<kw name="Sleep" library="BuiltIn">
<arg>10s</arg>
<doc>Pauses the test executed for the given time.</doc>
<msg timestamp="20210511 17:14:55.762" level="INFO">Slept 10 seconds</msg>
<status status="PASS" starttime="20210511 17:14:45.754" endtime="20210511 17:14:55.763"/>
</kw>
<kw name="Open Browser" library="SeleniumLibrary">
<arg>https://preprod.myprojectcompanion.com/fr/YayaB581/login</arg>
<arg>${BROWSER}</arg>
<doc>Opens a new browser instance to the optional ``url``.</doc>
<msg timestamp="20210511 17:14:55.765" level="INFO">Opening browser 'chrome' to base url 'https://preprod.myprojectcompanion.com/fr/YayaB581/login'.</msg>
<status status="PASS" starttime="20210511 17:14:55.764" endtime="20210511 17:14:57.736"/>
</kw>
<kw name="Maximize Browser Window" library="SeleniumLibrary">
<doc>Maximizes current browser window.</doc>
<status status="PASS" starttime="20210511 17:14:57.736" endtime="20210511 17:14:57.852"/>
</kw>
<kw name="Input Text" library="SeleniumLibrary">
<arg>//input[@name="middlewarebundle_login[username]"]</arg>
<arg>borutouzumaki@yopmail.com</arg>
<doc>Types the given ``text`` into the text field identified by ``locator``.</doc>
<msg timestamp="20210511 17:14:57.853" level="INFO">Typing text 'borutouzumaki@yopmail.com' into text field '//input[@name="middlewarebundle_login[username]"]'.</msg>
<status status="PASS" starttime="20210511 17:14:57.852" endtime="20210511 17:14:57.953"/>
</kw>
<kw name="Input Text" library="SeleniumLibrary">
<arg>//input[@name="middlewarebundle_login[password]"]</arg>
<arg>azerty</arg>
<doc>Types the given ``text`` into the text field identified by ``locator``.</doc>
<msg timestamp="20210511 17:14:57.954" level="INFO">Typing text 'azerty' into text field '//input[@name="middlewarebundle_login[password]"]'.</msg>
<status status="PASS" starttime="20210511 17:14:57.953" endtime="20210511 17:14:58.019"/>
</kw>
<kw name="Click Element" library="SeleniumLibrary">
<arg>//button[@class="btn btn-submit"]</arg>
<doc>Click the element identified by ``locator``.</doc>
<msg timestamp="20210511 17:14:58.019" level="INFO">Clicking element '//button[@class="btn btn-submit"]'.</msg>
<status status="PASS" starttime="20210511 17:14:58.019" endtime="20210511 17:14:59.581"/>
</kw>
<kw name="Wait Until Page Contains Element" library="SeleniumLibrary">
<arg>//img[@class="welcome-icon"]</arg>
<doc>Waits until the element ``locator`` appears on the current page.</doc>
<status status="PASS" starttime="20210511 17:14:59.581" endtime="20210511 17:14:59.593"/>
</kw>
<kw name="Click Element" library="SeleniumLibrary">
<arg>//img[@class="welcome-icon"]</arg>
<doc>Click the element identified by ``locator``.</doc>
<msg timestamp="20210511 17:14:59.594" level="INFO">Clicking element '//img[@class="welcome-icon"]'.</msg>
<status status="PASS" starttime="20210511 17:14:59.594" endtime="20210511 17:15:00.538"/>
</kw>
<kw name="Wait Until Page Contains Element" library="SeleniumLibrary">
<arg>//*[@id="newFdp"]/div[1]/div[2]/ul/li/span[2]/button</arg>
<doc>Waits until the element ``locator`` appears on the current page.</doc>
<status status="PASS" starttime="20210511 17:15:00.538" endtime="20210511 17:15:00.548"/>
</kw>
<kw name="Click Element" library="SeleniumLibrary">
<arg>//*[@id="newFdp"]/div[1]/div[2]/ul/li/span[2]/button</arg>
<doc>Click the element identified by ``locator``.</doc>
<msg timestamp="20210511 17:15:00.549" level="INFO">Clicking element '//*[@id="newFdp"]/div[1]/div[2]/ul/li/span[2]/button'.</msg>
<status status="PASS" starttime="20210511 17:15:00.548" endtime="20210511 17:15:00.616"/>
</kw>
<kw name="Sleep" library="BuiltIn">
<arg>10s</arg>
<doc>Pauses the test executed for the given time.</doc>
<msg timestamp="20210511 17:15:10.627" level="INFO">Slept 10 seconds</msg>
<status status="PASS" starttime="20210511 17:15:00.617" endtime="20210511 17:15:10.627"/>
</kw>
<kw name="Capture Page Screenshot" library="SeleniumLibrary">
<arg>C:\\Users\\tp\\OneDrive\\Bureau\\TEST AUTO SE\\RobotFrameworkSCOPLAN Preprod (dossiers)${/}Capture Yousign${/}CaptureTSE1_Accueil.png</arg>
<doc>Takes a screenshot of the current page and embeds it into a log file.</doc>
<msg timestamp="20210511 17:15:10.794" level="INFO" html="true">&lt;/td&gt;&lt;/tr&gt;&lt;tr&gt;&lt;td colspan="3"&gt;&lt;a href="Capture%20Yousign/CaptureTSE1_Accueil.png"&gt;&lt;img src="Capture%20Yousign/CaptureTSE1_Accueil.png" width="800px"&gt;&lt;/a&gt;</msg>
<status status="PASS" starttime="20210511 17:15:10.628" endtime="20210511 17:15:10.794"/>
</kw>
<kw name="Close Browser" library="SeleniumLibrary">
<doc>Closes the current browser.</doc>
<status status="PASS" starttime="20210511 17:15:10.795" endtime="20210511 17:15:12.935"/>
</kw>
<status status="PASS" starttime="20210511 17:14:45.752" endtime="20210511 17:15:12.935"/>
</test>
<test id="s1-t14" name="Verification de la reception du doc dans le compte particulier: Onglet &quot;Docs&quot;">
<kw name="Sleep" library="BuiltIn">
<arg>10s</arg>
<doc>Pauses the test executed for the given time.</doc>
<msg timestamp="20210511 17:15:22.955" level="INFO">Slept 10 seconds</msg>
<status status="PASS" starttime="20210511 17:15:12.938" endtime="20210511 17:15:22.955"/>
</kw>
<kw name="Open Browser" library="SeleniumLibrary">
<arg>https://preprod.myprojectcompanion.com/fr/YayaB581/login</arg>
<arg>${BROWSER}</arg>
<doc>Opens a new browser instance to the optional ``url``.</doc>
<msg timestamp="20210511 17:15:22.955" level="INFO">Opening browser 'chrome' to base url 'https://preprod.myprojectcompanion.com/fr/YayaB581/login'.</msg>
<status status="PASS" starttime="20210511 17:15:22.955" endtime="20210511 17:15:24.846"/>
</kw>
<kw name="Input Text" library="SeleniumLibrary">
<arg>//input[@name="middlewarebundle_login[username]"]</arg>
<arg>borutouzumaki@yopmail.com</arg>
<doc>Types the given ``text`` into the text field identified by ``locator``.</doc>
<msg timestamp="20210511 17:15:24.846" level="INFO">Typing text 'borutouzumaki@yopmail.com' into text field '//input[@name="middlewarebundle_login[username]"]'.</msg>
<status status="PASS" starttime="20210511 17:15:24.846" endtime="20210511 17:15:24.944"/>
</kw>
<kw name="Input Text" library="SeleniumLibrary">
<arg>//input[@name="middlewarebundle_login[password]"]</arg>
<arg>azerty</arg>
<doc>Types the given ``text`` into the text field identified by ``locator``.</doc>
<msg timestamp="20210511 17:15:24.945" level="INFO">Typing text 'azerty' into text field '//input[@name="middlewarebundle_login[password]"]'.</msg>
<status status="PASS" starttime="20210511 17:15:24.944" endtime="20210511 17:15:25.007"/>
</kw>
<kw name="Click Element" library="SeleniumLibrary">
<arg>//button[@class="btn btn-submit"]</arg>
<doc>Click the element identified by ``locator``.</doc>
<msg timestamp="20210511 17:15:25.008" level="INFO">Clicking element '//button[@class="btn btn-submit"]'.</msg>
<status status="PASS" starttime="20210511 17:15:25.008" endtime="20210511 17:15:26.560"/>
</kw>
<kw name="Sleep" library="BuiltIn">
<arg>10s</arg>
<doc>Pauses the test executed for the given time.</doc>
<msg timestamp="20210511 17:15:36.563" level="INFO">Slept 10 seconds</msg>
<status status="PASS" starttime="20210511 17:15:26.560" endtime="20210511 17:15:36.563"/>
</kw>
<kw name="Click Element" library="SeleniumLibrary">
<arg>//img[@class="welcome-icon"]</arg>
<doc>Click the element identified by ``locator``.</doc>
<msg timestamp="20210511 17:15:36.564" level="INFO">Clicking element '//img[@class="welcome-icon"]'.</msg>
<status status="PASS" starttime="20210511 17:15:36.564" endtime="20210511 17:15:37.636"/>
</kw>
<kw name="Click Link" library="SeleniumLibrary">
<arg>xpath=(//a[@href="/fr/YayaB581/documents"])[2]</arg>
<doc>Clicks a link identified by ``locator``.</doc>
<msg timestamp="20210511 17:15:37.637" level="INFO">Clicking link 'xpath=(//a[@href="/fr/YayaB581/documents"])[2]'.</msg>
<status status="PASS" starttime="20210511 17:15:37.637" endtime="20210511 17:15:38.508"/>
</kw>
<kw name="Click Element" library="SeleniumLibrary">
<arg>//*[@id="mainSection"]/div/div/div[1]/div[2]/div[2]/div[1]/div[1]/div[2]/div/div/div/div/div/div[1]/div/img</arg>
<doc>Click the element identified by ``locator``.</doc>
<msg timestamp="20210511 17:15:38.509" level="INFO">Clicking element '//*[@id="mainSection"]/div/div/div[1]/div[2]/div[2]/div[1]/div[1]/div[2]/div/div/div/div/div/div[1]/div/img'.</msg>
<status status="PASS" starttime="20210511 17:15:38.509" endtime="20210511 17:15:38.589"/>
</kw>
<kw name="Sleep" library="BuiltIn">
<arg>10s</arg>
<doc>Pauses the test executed for the given time.</doc>
<msg timestamp="20210511 17:15:48.600" level="INFO">Slept 10 seconds</msg>
<status status="PASS" starttime="20210511 17:15:38.590" endtime="20210511 17:15:48.600"/>
</kw>
<kw name="Capture Page Screenshot" library="SeleniumLibrary">
<arg>C:\\Users\\tp\\OneDrive\\Bureau\\TEST AUTO SE\\RobotFrameworkSCOPLAN Preprod (dossiers)${/}Capture Yousign${/}CaptureTSE1_OngletDoc.png</arg>
<doc>Takes a screenshot of the current page and embeds it into a log file.</doc>
<msg timestamp="20210511 17:15:48.740" level="INFO" html="true">&lt;/td&gt;&lt;/tr&gt;&lt;tr&gt;&lt;td colspan="3"&gt;&lt;a href="Capture%20Yousign/CaptureTSE1_OngletDoc.png"&gt;&lt;img src="Capture%20Yousign/CaptureTSE1_OngletDoc.png" width="800px"&gt;&lt;/a&gt;</msg>
<status status="PASS" starttime="20210511 17:15:48.601" endtime="20210511 17:15:48.740"/>
</kw>
<kw name="Sleep" library="BuiltIn">
<arg>10s</arg>
<doc>Pauses the test executed for the given time.</doc>
<msg timestamp="20210511 17:15:58.752" level="INFO">Slept 10 seconds</msg>
<status status="PASS" starttime="20210511 17:15:48.741" endtime="20210511 17:15:58.752"/>
</kw>
<kw name="Close Browser" library="SeleniumLibrary">
<doc>Closes the current browser.</doc>
<status status="PASS" starttime="20210511 17:15:58.754" endtime="20210511 17:16:00.909"/>
</kw>
<status status="PASS" starttime="20210511 17:15:12.935" endtime="20210511 17:16:00.909"/>
</test>
<test id="s1-t15" name="Verification de la SE dans le mail">
<kw name="Sleep" library="BuiltIn">
<arg>10s</arg>
<doc>Pauses the test executed for the given time.</doc>
<msg timestamp="20210511 17:16:10.928" level="INFO">Slept 10 seconds</msg>
<status status="PASS" starttime="20210511 17:16:00.909" endtime="20210511 17:16:10.928"/>
</kw>
<kw name="Open Browser" library="SeleniumLibrary">
<arg>http://www.yopmail.com/</arg>
<arg>${BROWSER}</arg>
<doc>Opens a new browser instance to the optional ``url``.</doc>
<msg timestamp="20210511 17:16:10.928" level="INFO">Opening browser 'chrome' to base url 'http://www.yopmail.com/'.</msg>
<status status="PASS" starttime="20210511 17:16:10.928" endtime="20210511 17:16:12.386"/>
</kw>
<kw name="Input Text" library="SeleniumLibrary">
<arg>//input[@name="login"]</arg>
<arg>borutouzumaki</arg>
<doc>Types the given ``text`` into the text field identified by ``locator``.</doc>
<msg timestamp="20210511 17:16:12.387" level="INFO">Typing text 'borutouzumaki' into text field '//input[@name="login"]'.</msg>
<status status="PASS" starttime="20210511 17:16:12.387" endtime="20210511 17:16:12.476"/>
</kw>
<kw name="Wait Until Page Contains Element" library="SeleniumLibrary">
<arg>//input[@title="Vérifier les mails @yopmail.com"]</arg>
<doc>Waits until the element ``locator`` appears on the current page.</doc>
<status status="PASS" starttime="20210511 17:16:12.477" endtime="20210511 17:16:12.490"/>
</kw>
<kw name="Click Element" library="SeleniumLibrary">
<arg>//input[@title="Vérifier les mails @yopmail.com"]</arg>
<doc>Click the element identified by ``locator``.</doc>
<msg timestamp="20210511 17:16:12.490" level="INFO">Clicking element '//input[@title="Vérifier les mails @yopmail.com"]'.</msg>
<status status="PASS" starttime="20210511 17:16:12.490" endtime="20210511 17:16:12.919"/>
</kw>
<kw name="Sleep" library="BuiltIn">
<arg>3s</arg>
<doc>Pauses the test executed for the given time.</doc>
<msg timestamp="20210511 17:16:15.931" level="INFO">Slept 3 seconds</msg>
<status status="PASS" starttime="20210511 17:16:12.920" endtime="20210511 17:16:15.931"/>
</kw>
<kw name="Capture Page Screenshot" library="SeleniumLibrary">
<arg>C:\\Users\\tp\\OneDrive\\Bureau\\TEST AUTO SE\\RobotFrameworkSCOPLAN Preprod (dossiers)${/}Capture Yousign${/}CaptureTSE1_MAIL.png</arg>
<doc>Takes a screenshot of the current page and embeds it into a log file.</doc>
<msg timestamp="20210511 17:16:16.111" level="INFO" html="true">&lt;/td&gt;&lt;/tr&gt;&lt;tr&gt;&lt;td colspan="3"&gt;&lt;a href="Capture%20Yousign/CaptureTSE1_MAIL.png"&gt;&lt;img src="Capture%20Yousign/CaptureTSE1_MAIL.png" width="800px"&gt;&lt;/a&gt;</msg>
<status status="PASS" starttime="20210511 17:16:15.934" endtime="20210511 17:16:16.111"/>
</kw>
<status status="PASS" starttime="20210511 17:16:00.909" endtime="20210511 17:16:16.112"/>
</test>
<test id="s1-t16" name="Fin du test: Fermer le navigateur">
<kw name="Sleep" library="BuiltIn">
<arg>10s</arg>
<doc>Pauses the test executed for the given time.</doc>
<msg timestamp="20210511 17:16:26.122" level="INFO">Slept 10 seconds</msg>
<status status="PASS" starttime="20210511 17:16:16.114" endtime="20210511 17:16:26.122"/>
</kw>
<kw name="Close Browser" library="SeleniumLibrary">
<doc>Closes the current browser.</doc>
<status status="PASS" starttime="20210511 17:16:26.122" endtime="20210511 17:16:28.246"/>
</kw>
<status status="PASS" starttime="20210511 17:16:16.114" endtime="20210511 17:16:28.246"/>
</test>
<status status="PASS" starttime="20210511 17:12:15.710" endtime="20210511 17:16:28.246"/>
</suite>
<statistics>
<total>
<stat pass="16" fail="0" skip="0">All Tests</stat>
</total>
<tag>
</tag>
<suite>
<stat pass="16" fail="0" skip="0" id="s1" name="TSE5">TSE5</stat>
</suite>
</statistics>
<errors>
</errors>
</robot>
